<?xml version="1.0" encoding="UTF-8"?>
<!-- Generated by org.testng.reporters.JUnitXMLReporter -->
<testsuite hostname="Akshay-PC" ignored="0" name="Login" tests="3" failures="0" timestamp="27 Aug 2017 12:13:35 GMT" time="49.468" errors="0">
  <testcase name="TestA_user_invalid_login_check" time="20.221" classname="Tests.Login.LoginTest"/>
  <testcase name="TestB_user_login_check" time="12.344" classname="Tests.Login.LoginTest"/>
  <testcase name="TestC_user_logout_check" time="10.491" classname="Tests.Login.LoginTest"/>
</testsuite> <!-- Login -->
